
*** Running vivado
    with args -log system_wrapper.vdi -applog -m64 -product Vivado -messageDb vivado.pb -mode batch -source system_wrapper.tcl -notrace


****** Vivado v2023.2 (64-bit)
  **** SW Build 4029153 on Fri Oct 13 20:13:54 MDT 2023
  **** IP Build 4028589 on Sat Oct 14 00:45:43 MDT 2023
  **** SharedData Build 4025554 on Tue Oct 10 17:18:54 MDT 2023
    ** Copyright 1986-2022 Xilinx, Inc. All Rights Reserved.
    ** Copyright 2022-2023 Advanced Micro Devices, Inc. All Rights Reserved.

source system_wrapper.tcl -notrace
create_project: Time (s): cpu = 00:00:07 ; elapsed = 00:00:07 . Memory (MB): peak = 1321.180 ; gain = 0.027 ; free physical = 1765 ; free virtual = 13195
INFO: [IP_Flow 19-234] Refreshing IP repositories
INFO: [IP_Flow 19-1700] Loaded user IP repository '/home/bulkin/red-pitaya-notes/tmp/cores'.
INFO: [IP_Flow 19-2313] Loaded Vivado IP repository '/home/bulkin/Xilinx/Vivado/2023.2/data/ip'.
Command: link_design -top system_wrapper -part xc7z010clg400-1
Design is defaulting to srcset: sources_1
Design is defaulting to constrset: constrs_1
INFO: [Device 21-403] Loading part xc7z010clg400-1
Netlist sorting complete. Time (s): cpu = 00:00:00.01 ; elapsed = 00:00:00.01 . Memory (MB): peak = 1630.453 ; gain = 0.000 ; free physical = 1429 ; free virtual = 12903
INFO: [Netlist 29-17] Analyzing 9 Unisim elements for replacement
INFO: [Netlist 29-28] Unisim Transformation completed in 0 CPU seconds
INFO: [Project 1-479] Netlist was created with Vivado 2023.2
INFO: [Project 1-570] Preparing netlist for logic optimization
Parsing XDC File [/home/bulkin/red-pitaya-notes/tmp/led_blinker.gen/sources_1/bd/system/ip/system_pll_0_0/system_pll_0_0_board.xdc] for cell 'system_i/pll_0/inst'
Finished Parsing XDC File [/home/bulkin/red-pitaya-notes/tmp/led_blinker.gen/sources_1/bd/system/ip/system_pll_0_0/system_pll_0_0_board.xdc] for cell 'system_i/pll_0/inst'
Parsing XDC File [/home/bulkin/red-pitaya-notes/tmp/led_blinker.gen/sources_1/bd/system/ip/system_pll_0_0/system_pll_0_0.xdc] for cell 'system_i/pll_0/inst'
INFO: [Timing 38-35] Done setting XDC timing constraints. [/home/bulkin/red-pitaya-notes/tmp/led_blinker.gen/sources_1/bd/system/ip/system_pll_0_0/system_pll_0_0.xdc:54]
INFO: [Timing 38-2] Deriving generated clocks [/home/bulkin/red-pitaya-notes/tmp/led_blinker.gen/sources_1/bd/system/ip/system_pll_0_0/system_pll_0_0.xdc:54]
get_clocks: Time (s): cpu = 00:00:06 ; elapsed = 00:00:06 . Memory (MB): peak = 2233.742 ; gain = 501.789 ; free physical = 942 ; free virtual = 12399
Finished Parsing XDC File [/home/bulkin/red-pitaya-notes/tmp/led_blinker.gen/sources_1/bd/system/ip/system_pll_0_0/system_pll_0_0.xdc] for cell 'system_i/pll_0/inst'
Parsing XDC File [/home/bulkin/red-pitaya-notes/tmp/led_blinker.gen/sources_1/bd/system/ip/system_ps_0_0/system_ps_0_0.xdc] for cell 'system_i/ps_0/inst'
Finished Parsing XDC File [/home/bulkin/red-pitaya-notes/tmp/led_blinker.gen/sources_1/bd/system/ip/system_ps_0_0/system_ps_0_0.xdc] for cell 'system_i/ps_0/inst'
Parsing XDC File [/home/bulkin/red-pitaya-notes/cfg/clocks.xdc]
Finished Parsing XDC File [/home/bulkin/red-pitaya-notes/cfg/clocks.xdc]
Parsing XDC File [/home/bulkin/red-pitaya-notes/cfg/ports.xdc]
WARNING: [Vivado 12-584] No ports matched 'Vp_Vn_v_p'. [/home/bulkin/red-pitaya-notes/cfg/ports.xdc:127]
CRITICAL WARNING: [Common 17-55] 'set_property' expects at least one object. [/home/bulkin/red-pitaya-notes/cfg/ports.xdc:127]
Resolution: If [get_<value>] was used to populate the object, check to make sure this command returns at least one valid object.
WARNING: [Vivado 12-584] No ports matched 'Vp_Vn_v_n'. [/home/bulkin/red-pitaya-notes/cfg/ports.xdc:128]
CRITICAL WARNING: [Common 17-55] 'set_property' expects at least one object. [/home/bulkin/red-pitaya-notes/cfg/ports.xdc:128]
Resolution: If [get_<value>] was used to populate the object, check to make sure this command returns at least one valid object.
WARNING: [Vivado 12-584] No ports matched 'Vaux0_v_p'. [/home/bulkin/red-pitaya-notes/cfg/ports.xdc:129]
CRITICAL WARNING: [Common 17-55] 'set_property' expects at least one object. [/home/bulkin/red-pitaya-notes/cfg/ports.xdc:129]
Resolution: If [get_<value>] was used to populate the object, check to make sure this command returns at least one valid object.
WARNING: [Vivado 12-584] No ports matched 'Vaux0_v_n'. [/home/bulkin/red-pitaya-notes/cfg/ports.xdc:130]
CRITICAL WARNING: [Common 17-55] 'set_property' expects at least one object. [/home/bulkin/red-pitaya-notes/cfg/ports.xdc:130]
Resolution: If [get_<value>] was used to populate the object, check to make sure this command returns at least one valid object.
WARNING: [Vivado 12-584] No ports matched 'Vaux1_v_p'. [/home/bulkin/red-pitaya-notes/cfg/ports.xdc:131]
CRITICAL WARNING: [Common 17-55] 'set_property' expects at least one object. [/home/bulkin/red-pitaya-notes/cfg/ports.xdc:131]
Resolution: If [get_<value>] was used to populate the object, check to make sure this command returns at least one valid object.
WARNING: [Vivado 12-584] No ports matched 'Vaux1_v_n'. [/home/bulkin/red-pitaya-notes/cfg/ports.xdc:132]
CRITICAL WARNING: [Common 17-55] 'set_property' expects at least one object. [/home/bulkin/red-pitaya-notes/cfg/ports.xdc:132]
Resolution: If [get_<value>] was used to populate the object, check to make sure this command returns at least one valid object.
WARNING: [Vivado 12-584] No ports matched 'Vaux8_v_p'. [/home/bulkin/red-pitaya-notes/cfg/ports.xdc:133]
CRITICAL WARNING: [Common 17-55] 'set_property' expects at least one object. [/home/bulkin/red-pitaya-notes/cfg/ports.xdc:133]
Resolution: If [get_<value>] was used to populate the object, check to make sure this command returns at least one valid object.
WARNING: [Vivado 12-584] No ports matched 'Vaux8_v_n'. [/home/bulkin/red-pitaya-notes/cfg/ports.xdc:134]
CRITICAL WARNING: [Common 17-55] 'set_property' expects at least one object. [/home/bulkin/red-pitaya-notes/cfg/ports.xdc:134]
Resolution: If [get_<value>] was used to populate the object, check to make sure this command returns at least one valid object.
WARNING: [Vivado 12-584] No ports matched 'Vaux9_v_p'. [/home/bulkin/red-pitaya-notes/cfg/ports.xdc:135]
CRITICAL WARNING: [Common 17-55] 'set_property' expects at least one object. [/home/bulkin/red-pitaya-notes/cfg/ports.xdc:135]
Resolution: If [get_<value>] was used to populate the object, check to make sure this command returns at least one valid object.
WARNING: [Vivado 12-584] No ports matched 'Vaux9_v_n'. [/home/bulkin/red-pitaya-notes/cfg/ports.xdc:136]
CRITICAL WARNING: [Common 17-55] 'set_property' expects at least one object. [/home/bulkin/red-pitaya-notes/cfg/ports.xdc:136]
Resolution: If [get_<value>] was used to populate the object, check to make sure this command returns at least one valid object.
WARNING: [Vivado 12-584] No ports matched 'Vp_Vn_v_p'. [/home/bulkin/red-pitaya-notes/cfg/ports.xdc:138]
CRITICAL WARNING: [Common 17-55] 'set_property' expects at least one object. [/home/bulkin/red-pitaya-notes/cfg/ports.xdc:138]
Resolution: If [get_<value>] was used to populate the object, check to make sure this command returns at least one valid object.
WARNING: [Vivado 12-584] No ports matched 'Vp_Vn_v_n'. [/home/bulkin/red-pitaya-notes/cfg/ports.xdc:139]
CRITICAL WARNING: [Common 17-55] 'set_property' expects at least one object. [/home/bulkin/red-pitaya-notes/cfg/ports.xdc:139]
Resolution: If [get_<value>] was used to populate the object, check to make sure this command returns at least one valid object.
WARNING: [Vivado 12-584] No ports matched 'Vaux0_v_p'. [/home/bulkin/red-pitaya-notes/cfg/ports.xdc:140]
CRITICAL WARNING: [Common 17-55] 'set_property' expects at least one object. [/home/bulkin/red-pitaya-notes/cfg/ports.xdc:140]
Resolution: If [get_<value>] was used to populate the object, check to make sure this command returns at least one valid object.
WARNING: [Vivado 12-584] No ports matched 'Vaux0_v_n'. [/home/bulkin/red-pitaya-notes/cfg/ports.xdc:141]
CRITICAL WARNING: [Common 17-55] 'set_property' expects at least one object. [/home/bulkin/red-pitaya-notes/cfg/ports.xdc:141]
Resolution: If [get_<value>] was used to populate the object, check to make sure this command returns at least one valid object.
WARNING: [Vivado 12-584] No ports matched 'Vaux1_v_p'. [/home/bulkin/red-pitaya-notes/cfg/ports.xdc:142]
CRITICAL WARNING: [Common 17-55] 'set_property' expects at least one object. [/home/bulkin/red-pitaya-notes/cfg/ports.xdc:142]
Resolution: If [get_<value>] was used to populate the object, check to make sure this command returns at least one valid object.
WARNING: [Vivado 12-584] No ports matched 'Vaux1_v_n'. [/home/bulkin/red-pitaya-notes/cfg/ports.xdc:143]
CRITICAL WARNING: [Common 17-55] 'set_property' expects at least one object. [/home/bulkin/red-pitaya-notes/cfg/ports.xdc:143]
Resolution: If [get_<value>] was used to populate the object, check to make sure this command returns at least one valid object.
WARNING: [Vivado 12-584] No ports matched 'Vaux8_v_p'. [/home/bulkin/red-pitaya-notes/cfg/ports.xdc:144]
CRITICAL WARNING: [Common 17-55] 'set_property' expects at least one object. [/home/bulkin/red-pitaya-notes/cfg/ports.xdc:144]
Resolution: If [get_<value>] was used to populate the object, check to make sure this command returns at least one valid object.
WARNING: [Vivado 12-584] No ports matched 'Vaux8_v_n'. [/home/bulkin/red-pitaya-notes/cfg/ports.xdc:145]
CRITICAL WARNING: [Common 17-55] 'set_property' expects at least one object. [/home/bulkin/red-pitaya-notes/cfg/ports.xdc:145]
Resolution: If [get_<value>] was used to populate the object, check to make sure this command returns at least one valid object.
WARNING: [Vivado 12-584] No ports matched 'Vaux9_v_p'. [/home/bulkin/red-pitaya-notes/cfg/ports.xdc:146]
CRITICAL WARNING: [Common 17-55] 'set_property' expects at least one object. [/home/bulkin/red-pitaya-notes/cfg/ports.xdc:146]
Resolution: If [get_<value>] was used to populate the object, check to make sure this command returns at least one valid object.
WARNING: [Vivado 12-584] No ports matched 'Vaux9_v_n'. [/home/bulkin/red-pitaya-notes/cfg/ports.xdc:147]
CRITICAL WARNING: [Common 17-55] 'set_property' expects at least one object. [/home/bulkin/red-pitaya-notes/cfg/ports.xdc:147]
Resolution: If [get_<value>] was used to populate the object, check to make sure this command returns at least one valid object.
WARNING: [Vivado 12-584] No ports matched 'daisy_p_o[*]'. [/home/bulkin/red-pitaya-notes/cfg/ports.xdc:177]
CRITICAL WARNING: [Common 17-55] 'set_property' expects at least one object. [/home/bulkin/red-pitaya-notes/cfg/ports.xdc:177]
Resolution: If [get_<value>] was used to populate the object, check to make sure this command returns at least one valid object.
WARNING: [Vivado 12-584] No ports matched 'daisy_n_o[*]'. [/home/bulkin/red-pitaya-notes/cfg/ports.xdc:178]
CRITICAL WARNING: [Common 17-55] 'set_property' expects at least one object. [/home/bulkin/red-pitaya-notes/cfg/ports.xdc:178]
Resolution: If [get_<value>] was used to populate the object, check to make sure this command returns at least one valid object.
WARNING: [Vivado 12-584] No ports matched 'daisy_p_i[*]'. [/home/bulkin/red-pitaya-notes/cfg/ports.xdc:180]
CRITICAL WARNING: [Common 17-55] 'set_property' expects at least one object. [/home/bulkin/red-pitaya-notes/cfg/ports.xdc:180]
Resolution: If [get_<value>] was used to populate the object, check to make sure this command returns at least one valid object.
WARNING: [Vivado 12-584] No ports matched 'daisy_n_i[*]'. [/home/bulkin/red-pitaya-notes/cfg/ports.xdc:181]
CRITICAL WARNING: [Common 17-55] 'set_property' expects at least one object. [/home/bulkin/red-pitaya-notes/cfg/ports.xdc:181]
Resolution: If [get_<value>] was used to populate the object, check to make sure this command returns at least one valid object.
WARNING: [Vivado 12-584] No ports matched 'daisy_p_o[0]'. [/home/bulkin/red-pitaya-notes/cfg/ports.xdc:183]
CRITICAL WARNING: [Common 17-55] 'set_property' expects at least one object. [/home/bulkin/red-pitaya-notes/cfg/ports.xdc:183]
Resolution: If [get_<value>] was used to populate the object, check to make sure this command returns at least one valid object.
WARNING: [Vivado 12-584] No ports matched 'daisy_n_o[0]'. [/home/bulkin/red-pitaya-notes/cfg/ports.xdc:184]
CRITICAL WARNING: [Common 17-55] 'set_property' expects at least one object. [/home/bulkin/red-pitaya-notes/cfg/ports.xdc:184]
Resolution: If [get_<value>] was used to populate the object, check to make sure this command returns at least one valid object.
WARNING: [Vivado 12-584] No ports matched 'daisy_p_o[1]'. [/home/bulkin/red-pitaya-notes/cfg/ports.xdc:186]
CRITICAL WARNING: [Common 17-55] 'set_property' expects at least one object. [/home/bulkin/red-pitaya-notes/cfg/ports.xdc:186]
Resolution: If [get_<value>] was used to populate the object, check to make sure this command returns at least one valid object.
WARNING: [Vivado 12-584] No ports matched 'daisy_n_o[1]'. [/home/bulkin/red-pitaya-notes/cfg/ports.xdc:187]
CRITICAL WARNING: [Common 17-55] 'set_property' expects at least one object. [/home/bulkin/red-pitaya-notes/cfg/ports.xdc:187]
Resolution: If [get_<value>] was used to populate the object, check to make sure this command returns at least one valid object.
WARNING: [Vivado 12-584] No ports matched 'daisy_p_i[0]'. [/home/bulkin/red-pitaya-notes/cfg/ports.xdc:189]
CRITICAL WARNING: [Common 17-55] 'set_property' expects at least one object. [/home/bulkin/red-pitaya-notes/cfg/ports.xdc:189]
Resolution: If [get_<value>] was used to populate the object, check to make sure this command returns at least one valid object.
WARNING: [Vivado 12-584] No ports matched 'daisy_n_i[0]'. [/home/bulkin/red-pitaya-notes/cfg/ports.xdc:190]
CRITICAL WARNING: [Common 17-55] 'set_property' expects at least one object. [/home/bulkin/red-pitaya-notes/cfg/ports.xdc:190]
Resolution: If [get_<value>] was used to populate the object, check to make sure this command returns at least one valid object.
WARNING: [Vivado 12-584] No ports matched 'daisy_p_i[1]'. [/home/bulkin/red-pitaya-notes/cfg/ports.xdc:192]
CRITICAL WARNING: [Common 17-55] 'set_property' expects at least one object. [/home/bulkin/red-pitaya-notes/cfg/ports.xdc:192]
Resolution: If [get_<value>] was used to populate the object, check to make sure this command returns at least one valid object.
WARNING: [Vivado 12-584] No ports matched 'daisy_n_i[1]'. [/home/bulkin/red-pitaya-notes/cfg/ports.xdc:193]
CRITICAL WARNING: [Common 17-55] 'set_property' expects at least one object. [/home/bulkin/red-pitaya-notes/cfg/ports.xdc:193]
Resolution: If [get_<value>] was used to populate the object, check to make sure this command returns at least one valid object.
WARNING: [Vivado 12-584] No ports matched 'led_o[1]'. [/home/bulkin/red-pitaya-notes/cfg/ports.xdc:202]
CRITICAL WARNING: [Common 17-55] 'set_property' expects at least one object. [/home/bulkin/red-pitaya-notes/cfg/ports.xdc:202]
Resolution: If [get_<value>] was used to populate the object, check to make sure this command returns at least one valid object.
WARNING: [Vivado 12-584] No ports matched 'led_o[2]'. [/home/bulkin/red-pitaya-notes/cfg/ports.xdc:203]
CRITICAL WARNING: [Common 17-55] 'set_property' expects at least one object. [/home/bulkin/red-pitaya-notes/cfg/ports.xdc:203]
Resolution: If [get_<value>] was used to populate the object, check to make sure this command returns at least one valid object.
WARNING: [Vivado 12-584] No ports matched 'led_o[3]'. [/home/bulkin/red-pitaya-notes/cfg/ports.xdc:204]
CRITICAL WARNING: [Common 17-55] 'set_property' expects at least one object. [/home/bulkin/red-pitaya-notes/cfg/ports.xdc:204]
Resolution: If [get_<value>] was used to populate the object, check to make sure this command returns at least one valid object.
WARNING: [Vivado 12-584] No ports matched 'led_o[4]'. [/home/bulkin/red-pitaya-notes/cfg/ports.xdc:205]
CRITICAL WARNING: [Common 17-55] 'set_property' expects at least one object. [/home/bulkin/red-pitaya-notes/cfg/ports.xdc:205]
Resolution: If [get_<value>] was used to populate the object, check to make sure this command returns at least one valid object.
WARNING: [Vivado 12-584] No ports matched 'led_o[5]'. [/home/bulkin/red-pitaya-notes/cfg/ports.xdc:206]
CRITICAL WARNING: [Common 17-55] 'set_property' expects at least one object. [/home/bulkin/red-pitaya-notes/cfg/ports.xdc:206]
Resolution: If [get_<value>] was used to populate the object, check to make sure this command returns at least one valid object.
WARNING: [Vivado 12-584] No ports matched 'led_o[6]'. [/home/bulkin/red-pitaya-notes/cfg/ports.xdc:207]
CRITICAL WARNING: [Common 17-55] 'set_property' expects at least one object. [/home/bulkin/red-pitaya-notes/cfg/ports.xdc:207]
Resolution: If [get_<value>] was used to populate the object, check to make sure this command returns at least one valid object.
WARNING: [Vivado 12-584] No ports matched 'led_o[7]'. [/home/bulkin/red-pitaya-notes/cfg/ports.xdc:208]
CRITICAL WARNING: [Common 17-55] 'set_property' expects at least one object. [/home/bulkin/red-pitaya-notes/cfg/ports.xdc:208]
Resolution: If [get_<value>] was used to populate the object, check to make sure this command returns at least one valid object.
Finished Parsing XDC File [/home/bulkin/red-pitaya-notes/cfg/ports.xdc]
INFO: [Opt 31-138] Pushed 0 inverter(s) to 0 load pin(s).
Netlist sorting complete. Time (s): cpu = 00:00:00 ; elapsed = 00:00:00 . Memory (MB): peak = 2377.812 ; gain = 0.000 ; free physical = 898 ; free virtual = 12352
INFO: [Project 1-111] Unisim Transformation Summary:
No Unisim elements were transformed.

12 Infos, 39 Warnings, 39 Critical Warnings and 0 Errors encountered.
link_design completed successfully
link_design: Time (s): cpu = 00:00:15 ; elapsed = 00:00:16 . Memory (MB): peak = 2377.812 ; gain = 1056.633 ; free physical = 898 ; free virtual = 12352
Command: opt_design -directive ExploreWithRemap
INFO: [Vivado_Tcl 4-136] Directive used for opt_design is: ExploreWithRemap
Attempting to get a license for feature 'Implementation' and/or device 'xc7z010'
INFO: [Common 17-349] Got license for feature 'Implementation' and/or device 'xc7z010'
Running DRC as a precondition to command opt_design

Starting DRC Task
INFO: [DRC 23-27] Running DRC with 6 threads
INFO: [Project 1-461] DRC finished with 0 Errors, 16 Warnings
INFO: [Project 1-462] Please refer to the DRC report (report_drc) for more information.

Time (s): cpu = 00:00:01 ; elapsed = 00:00:00.75 . Memory (MB): peak = 2377.812 ; gain = 0.000 ; free physical = 892 ; free virtual = 12350

Starting Logic Optimization Task

Phase 1 Initialization

Phase 1.1 Core Generation And Design Setup
Phase 1.1 Core Generation And Design Setup | Checksum: 15ff227ff

Time (s): cpu = 00:00:00.01 ; elapsed = 00:00:00 . Memory (MB): peak = 2588.680 ; gain = 0.000 ; free physical = 602 ; free virtual = 12069

Phase 1.2 Setup Constraints And Sort Netlist
Phase 1.2 Setup Constraints And Sort Netlist | Checksum: 15ff227ff

Time (s): cpu = 00:00:00.01 ; elapsed = 00:00:00.01 . Memory (MB): peak = 2588.680 ; gain = 0.000 ; free physical = 602 ; free virtual = 12069
Phase 1 Initialization | Checksum: 15ff227ff

Time (s): cpu = 00:00:00.01 ; elapsed = 00:00:00.01 . Memory (MB): peak = 2588.680 ; gain = 0.000 ; free physical = 602 ; free virtual = 12069

Phase 2 Timer Update And Timing Data Collection

Phase 2.1 Timer Update
INFO: [Timing 38-35] Done setting XDC timing constraints.
Phase 2.1 Timer Update | Checksum: 15ff227ff

Time (s): cpu = 00:00:00.06 ; elapsed = 00:00:00.05 . Memory (MB): peak = 2621.492 ; gain = 32.812 ; free physical = 602 ; free virtual = 12069

Phase 2.2 Timing Data Collection
Phase 2.2 Timing Data Collection | Checksum: 15ff227ff

Time (s): cpu = 00:00:00.06 ; elapsed = 00:00:00.05 . Memory (MB): peak = 2621.492 ; gain = 32.812 ; free physical = 602 ; free virtual = 12069
Phase 2 Timer Update And Timing Data Collection | Checksum: 15ff227ff

Time (s): cpu = 00:00:00.06 ; elapsed = 00:00:00.06 . Memory (MB): peak = 2621.492 ; gain = 32.812 ; free physical = 602 ; free virtual = 12069

Phase 3 Retarget
INFO: [Opt 31-138] Pushed 0 inverter(s) to 0 load pin(s).
INFO: [Opt 31-49] Retargeted 0 cell(s).
Phase 3 Retarget | Checksum: 120543a87

Time (s): cpu = 00:00:00.08 ; elapsed = 00:00:00.08 . Memory (MB): peak = 2621.492 ; gain = 32.812 ; free physical = 602 ; free virtual = 12069
Retarget | Checksum: 120543a87
INFO: [Opt 31-389] Phase Retarget created 0 cells and removed 24 cells
INFO: [Opt 31-1021] In phase Retarget, 1 netlist objects are constrained preventing optimization. Please run opt_design with -debug_log to get more detail. 

Phase 4 Constant propagation
INFO: [Opt 31-138] Pushed 0 inverter(s) to 0 load pin(s).
Phase 4 Constant propagation | Checksum: 120543a87

Time (s): cpu = 00:00:00.09 ; elapsed = 00:00:00.09 . Memory (MB): peak = 2621.492 ; gain = 32.812 ; free physical = 602 ; free virtual = 12069
Constant propagation | Checksum: 120543a87
INFO: [Opt 31-389] Phase Constant propagation created 0 cells and removed 0 cells

Phase 5 Sweep
Phase 5 Sweep | Checksum: 1cfc2cb7b

Time (s): cpu = 00:00:00.16 ; elapsed = 00:00:00.16 . Memory (MB): peak = 2621.492 ; gain = 32.812 ; free physical = 602 ; free virtual = 12069
Sweep | Checksum: 1cfc2cb7b
INFO: [Opt 31-389] Phase Sweep created 0 cells and removed 17 cells

Phase 6 BUFG optimization
Phase 6 BUFG optimization | Checksum: 1cfc2cb7b

Time (s): cpu = 00:00:00.17 ; elapsed = 00:00:00.17 . Memory (MB): peak = 2621.492 ; gain = 32.812 ; free physical = 602 ; free virtual = 12069
BUFG optimization | Checksum: 1cfc2cb7b
INFO: [Opt 31-662] Phase BUFG optimization created 0 cells of which 0 are BUFGs and removed 0 cells.

Phase 7 Shift Register Optimization
INFO: [Opt 31-1064] SRL Remap converted 0 SRLs to 0 registers and converted 0 registers of register chains to 0 SRLs
Phase 7 Shift Register Optimization | Checksum: 1cfc2cb7b

Time (s): cpu = 00:00:00.17 ; elapsed = 00:00:00.17 . Memory (MB): peak = 2621.492 ; gain = 32.812 ; free physical = 602 ; free virtual = 12069
Shift Register Optimization | Checksum: 1cfc2cb7b
INFO: [Opt 31-389] Phase Shift Register Optimization created 0 cells and removed 0 cells
INFO: [Opt 31-1555] control_set_opt supports Versal devices only, and device 7z010 is unsupported

Phase 8 Remap
INFO: [Constraints 18-11670] Building netlist checker database with flags, 0x8
Done building netlist checker database: Time (s): cpu = 00:00:00 ; elapsed = 00:00:00 . Memory (MB): peak = 2621.492 ; gain = 0.000 ; free physical = 603 ; free virtual = 12071
Phase 8 Remap | Checksum: 1cfc2cb7b

Time (s): cpu = 00:00:02 ; elapsed = 00:00:03 . Memory (MB): peak = 2621.492 ; gain = 32.812 ; free physical = 576 ; free virtual = 12039
Remap | Checksum: 1cfc2cb7b
INFO: [Opt 31-389] Phase Remap created 0 cells and removed 0 cells

Phase 9 Post Processing Netlist
Phase 9 Post Processing Netlist | Checksum: 1cfc2cb7b

Time (s): cpu = 00:00:02 ; elapsed = 00:00:03 . Memory (MB): peak = 2621.492 ; gain = 32.812 ; free physical = 576 ; free virtual = 12039
Post Processing Netlist | Checksum: 1cfc2cb7b
INFO: [Opt 31-389] Phase Post Processing Netlist created 0 cells and removed 0 cells

Phase 10 Finalization

Phase 10.1 Finalizing Design Cores and Updating Shapes
Phase 10.1 Finalizing Design Cores and Updating Shapes | Checksum: 1fc2bfc08

Time (s): cpu = 00:00:02 ; elapsed = 00:00:03 . Memory (MB): peak = 2621.492 ; gain = 32.812 ; free physical = 576 ; free virtual = 12039

Phase 10.2 Verifying Netlist Connectivity

Starting Connectivity Check Task

Time (s): cpu = 00:00:00 ; elapsed = 00:00:00 . Memory (MB): peak = 2621.492 ; gain = 0.000 ; free physical = 576 ; free virtual = 12039
Phase 10.2 Verifying Netlist Connectivity | Checksum: 1fc2bfc08

Time (s): cpu = 00:00:03 ; elapsed = 00:00:03 . Memory (MB): peak = 2621.492 ; gain = 32.812 ; free physical = 576 ; free virtual = 12039
Phase 10 Finalization | Checksum: 1fc2bfc08

Time (s): cpu = 00:00:03 ; elapsed = 00:00:03 . Memory (MB): peak = 2621.492 ; gain = 32.812 ; free physical = 576 ; free virtual = 12039
Opt_design Change Summary
=========================


-------------------------------------------------------------------------------------------------------------------------
|  Phase                        |  #Cells created  |  #Cells Removed  |  #Constrained objects preventing optimizations  |
-------------------------------------------------------------------------------------------------------------------------
|  Retarget                     |               0  |              24  |                                              1  |
|  Constant propagation         |               0  |               0  |                                              0  |
|  Sweep                        |               0  |              17  |                                              0  |
|  BUFG optimization            |               0  |               0  |                                              0  |
|  Shift Register Optimization  |               0  |               0  |                                              0  |
|  Remap                        |               0  |               0  |                                              0  |
|  Post Processing Netlist      |               0  |               0  |                                              0  |
-------------------------------------------------------------------------------------------------------------------------


Ending Logic Optimization Task | Checksum: 1fc2bfc08

Time (s): cpu = 00:00:03 ; elapsed = 00:00:03 . Memory (MB): peak = 2621.492 ; gain = 32.812 ; free physical = 576 ; free virtual = 12039
INFO: [Constraints 18-11670] Building netlist checker database with flags, 0x8
Done building netlist checker database: Time (s): cpu = 00:00:00 ; elapsed = 00:00:00 . Memory (MB): peak = 2621.492 ; gain = 0.000 ; free physical = 576 ; free virtual = 12039

Starting Netlist Obfuscation Task
Netlist sorting complete. Time (s): cpu = 00:00:00 ; elapsed = 00:00:00 . Memory (MB): peak = 2621.492 ; gain = 0.000 ; free physical = 576 ; free virtual = 12039
Ending Netlist Obfuscation Task | Checksum: 1fc2bfc08

Time (s): cpu = 00:00:00 ; elapsed = 00:00:00 . Memory (MB): peak = 2621.492 ; gain = 0.000 ; free physical = 576 ; free virtual = 12039
INFO: [Common 17-83] Releasing license: Implementation
34 Infos, 39 Warnings, 39 Critical Warnings and 0 Errors encountered.
opt_design completed successfully
opt_design: Time (s): cpu = 00:00:06 ; elapsed = 00:00:06 . Memory (MB): peak = 2621.492 ; gain = 243.680 ; free physical = 576 ; free virtual = 12039
INFO: [runtcl-4] Executing : report_drc -file system_wrapper_drc_opted.rpt -pb system_wrapper_drc_opted.pb -rpx system_wrapper_drc_opted.rpx
Command: report_drc -file system_wrapper_drc_opted.rpt -pb system_wrapper_drc_opted.pb -rpx system_wrapper_drc_opted.rpx
INFO: [IP_Flow 19-1839] IP Catalog is up to date.
INFO: [DRC 23-27] Running DRC with 6 threads
INFO: [Vivado_Tcl 2-168] The results of DRC are in file /home/bulkin/red-pitaya-notes/tmp/led_blinker.runs/impl_1/system_wrapper_drc_opted.rpt.
report_drc completed successfully
INFO: [Timing 38-480] Writing timing data to binary archive.
Write ShapeDB Complete: Time (s): cpu = 00:00:00.02 ; elapsed = 00:00:00.01 . Memory (MB): peak = 2717.277 ; gain = 0.000 ; free physical = 510 ; free virtual = 12008
Wrote PlaceDB: Time (s): cpu = 00:00:00.06 ; elapsed = 00:00:00.02 . Memory (MB): peak = 2717.277 ; gain = 0.000 ; free physical = 510 ; free virtual = 12008
Wrote PulsedLatchDB: Time (s): cpu = 00:00:00 ; elapsed = 00:00:00 . Memory (MB): peak = 2717.277 ; gain = 0.000 ; free physical = 509 ; free virtual = 12008
Writing XDEF routing.
Writing XDEF routing logical nets.
Writing XDEF routing special nets.
Wrote RouteStorage: Time (s): cpu = 00:00:00.09 ; elapsed = 00:00:00.03 . Memory (MB): peak = 2717.277 ; gain = 0.000 ; free physical = 509 ; free virtual = 12008
Wrote Netlist Cache: Time (s): cpu = 00:00:00 ; elapsed = 00:00:00 . Memory (MB): peak = 2717.277 ; gain = 0.000 ; free physical = 509 ; free virtual = 12008
Wrote Device Cache: Time (s): cpu = 00:00:00.02 ; elapsed = 00:00:00.01 . Memory (MB): peak = 2717.277 ; gain = 0.000 ; free physical = 509 ; free virtual = 12009
Write Physdb Complete: Time (s): cpu = 00:00:00.17 ; elapsed = 00:00:00.06 . Memory (MB): peak = 2717.277 ; gain = 0.000 ; free physical = 509 ; free virtual = 12009
INFO: [Common 17-1381] The checkpoint '/home/bulkin/red-pitaya-notes/tmp/led_blinker.runs/impl_1/system_wrapper_opt.dcp' has been generated.
Command: place_design -directive Explore
Attempting to get a license for feature 'Implementation' and/or device 'xc7z010'
INFO: [Common 17-349] Got license for feature 'Implementation' and/or device 'xc7z010'
INFO: [Common 17-83] Releasing license: Implementation
INFO: [DRC 23-27] Running DRC with 6 threads
INFO: [Vivado_Tcl 4-198] DRC finished with 0 Errors
INFO: [Vivado_Tcl 4-199] Please refer to the DRC report (report_drc) for more information.
Running DRC as a precondition to command place_design
INFO: [DRC 23-27] Running DRC with 6 threads
INFO: [Vivado_Tcl 4-198] DRC finished with 0 Errors
INFO: [Vivado_Tcl 4-199] Please refer to the DRC report (report_drc) for more information.
INFO: [Place 46-5] The placer was invoked with the 'Explore' directive.
INFO: [Place 30-611] Multithreading enabled for place_design using a maximum of 6 CPUs

Starting Placer Task

Phase 1 Placer Initialization

Phase 1.1 Placer Initialization Netlist Sorting
Netlist sorting complete. Time (s): cpu = 00:00:00 ; elapsed = 00:00:00 . Memory (MB): peak = 2717.277 ; gain = 0.000 ; free physical = 500 ; free virtual = 11995
Phase 1.1 Placer Initialization Netlist Sorting | Checksum: 182ddbaf3

Time (s): cpu = 00:00:00 ; elapsed = 00:00:00 . Memory (MB): peak = 2717.277 ; gain = 0.000 ; free physical = 500 ; free virtual = 11995
Netlist sorting complete. Time (s): cpu = 00:00:00 ; elapsed = 00:00:00 . Memory (MB): peak = 2717.277 ; gain = 0.000 ; free physical = 500 ; free virtual = 11995

Phase 1.2 IO Placement/ Clock Placement/ Build Placer Device
INFO: [Timing 38-35] Done setting XDC timing constraints.
Phase 1.2 IO Placement/ Clock Placement/ Build Placer Device | Checksum: 139b0b834

Time (s): cpu = 00:00:00.47 ; elapsed = 00:00:00.3 . Memory (MB): peak = 2717.277 ; gain = 0.000 ; free physical = 499 ; free virtual = 11997

Phase 1.3 Build Placer Netlist Model
WARNING: [Place 30-2953] Timing driven mode will be turned off because no critical terminals were found.
Phase 1.3 Build Placer Netlist Model | Checksum: 170a894c2

Time (s): cpu = 00:00:00.77 ; elapsed = 00:00:00.39 . Memory (MB): peak = 2717.277 ; gain = 0.000 ; free physical = 499 ; free virtual = 11997

Phase 1.4 Constrain Clocks/Macros
Phase 1.4 Constrain Clocks/Macros | Checksum: 170a894c2

Time (s): cpu = 00:00:00.78 ; elapsed = 00:00:00.39 . Memory (MB): peak = 2717.277 ; gain = 0.000 ; free physical = 499 ; free virtual = 11997
Phase 1 Placer Initialization | Checksum: 170a894c2

Time (s): cpu = 00:00:00.78 ; elapsed = 00:00:00.4 . Memory (MB): peak = 2717.277 ; gain = 0.000 ; free physical = 499 ; free virtual = 11997

Phase 2 Global Placement

Phase 2.1 Floorplanning
Phase 2.1 Floorplanning | Checksum: 170a894c2

Time (s): cpu = 00:00:00.79 ; elapsed = 00:00:00.4 . Memory (MB): peak = 2717.277 ; gain = 0.000 ; free physical = 498 ; free virtual = 11997

Phase 2.2 Update Timing before SLR Path Opt
Phase 2.2 Update Timing before SLR Path Opt | Checksum: 170a894c2

Time (s): cpu = 00:00:00.8 ; elapsed = 00:00:00.41 . Memory (MB): peak = 2717.277 ; gain = 0.000 ; free physical = 498 ; free virtual = 11997

Phase 2.3 Post-Processing in Floorplanning
Phase 2.3 Post-Processing in Floorplanning | Checksum: 170a894c2

Time (s): cpu = 00:00:00.8 ; elapsed = 00:00:00.41 . Memory (MB): peak = 2717.277 ; gain = 0.000 ; free physical = 498 ; free virtual = 11997

Phase 2.4 Global Placement Core
WARNING: [Place 46-29] Timing had been disabled during Placer and, therefore, physical synthesis in Placer will be skipped.
Phase 2.4 Global Placement Core | Checksum: 22057fa68

Time (s): cpu = 00:00:01 ; elapsed = 00:00:00.56 . Memory (MB): peak = 2717.277 ; gain = 0.000 ; free physical = 497 ; free virtual = 11996
Phase 2 Global Placement | Checksum: 22057fa68

Time (s): cpu = 00:00:01 ; elapsed = 00:00:00.56 . Memory (MB): peak = 2717.277 ; gain = 0.000 ; free physical = 497 ; free virtual = 11996

Phase 3 Detail Placement

Phase 3.1 Commit Multi Column Macros
Phase 3.1 Commit Multi Column Macros | Checksum: 22057fa68

Time (s): cpu = 00:00:01 ; elapsed = 00:00:00.57 . Memory (MB): peak = 2717.277 ; gain = 0.000 ; free physical = 497 ; free virtual = 11996

Phase 3.2 Commit Most Macros & LUTRAMs
Phase 3.2 Commit Most Macros & LUTRAMs | Checksum: 211ff6fa2

Time (s): cpu = 00:00:01 ; elapsed = 00:00:00.58 . Memory (MB): peak = 2717.277 ; gain = 0.000 ; free physical = 497 ; free virtual = 11996

Phase 3.3 Area Swap Optimization
Phase 3.3 Area Swap Optimization | Checksum: 211ff6fa2

Time (s): cpu = 00:00:02 ; elapsed = 00:00:00.58 . Memory (MB): peak = 2717.277 ; gain = 0.000 ; free physical = 497 ; free virtual = 11996

Phase 3.4 Pipeline Register Optimization
Phase 3.4 Pipeline Register Optimization | Checksum: 211ff6fa2

Time (s): cpu = 00:00:02 ; elapsed = 00:00:00.58 . Memory (MB): peak = 2717.277 ; gain = 0.000 ; free physical = 497 ; free virtual = 11996

Phase 3.5 Small Shape Detail Placement
Phase 3.5 Small Shape Detail Placement | Checksum: 211ff6fa2

Time (s): cpu = 00:00:02 ; elapsed = 00:00:00.62 . Memory (MB): peak = 2717.277 ; gain = 0.000 ; free physical = 497 ; free virtual = 11997

Phase 3.6 Re-assign LUT pins
Phase 3.6 Re-assign LUT pins | Checksum: 211ff6fa2

Time (s): cpu = 00:00:02 ; elapsed = 00:00:00.62 . Memory (MB): peak = 2717.277 ; gain = 0.000 ; free physical = 497 ; free virtual = 11997

Phase 3.7 Pipeline Register Optimization
Phase 3.7 Pipeline Register Optimization | Checksum: 211ff6fa2

Time (s): cpu = 00:00:02 ; elapsed = 00:00:00.62 . Memory (MB): peak = 2717.277 ; gain = 0.000 ; free physical = 497 ; free virtual = 11997
Phase 3 Detail Placement | Checksum: 211ff6fa2

Time (s): cpu = 00:00:02 ; elapsed = 00:00:00.63 . Memory (MB): peak = 2717.277 ; gain = 0.000 ; free physical = 497 ; free virtual = 11997

Phase 4 Post Placement Optimization and Clean-Up

Phase 4.1 Post Commit Optimization
Phase 4.1 Post Commit Optimization | Checksum: 211ff6fa2

Time (s): cpu = 00:00:02 ; elapsed = 00:00:00.64 . Memory (MB): peak = 2717.277 ; gain = 0.000 ; free physical = 497 ; free virtual = 11996

Phase 4.2 Post Placement Cleanup
Phase 4.2 Post Placement Cleanup | Checksum: 211ff6fa2

Time (s): cpu = 00:00:02 ; elapsed = 00:00:00.65 . Memory (MB): peak = 2717.277 ; gain = 0.000 ; free physical = 497 ; free virtual = 11996

Phase 4.3 Placer Reporting

Phase 4.3.1 Print Estimated Congestion
INFO: [Place 30-612] Post-Placement Estimated Congestion 
 ____________________________________________________
|           | Global Congestion | Short Congestion  |
| Direction | Region Size       | Region Size       |
|___________|___________________|___________________|
|      North|                1x1|                1x1|
|___________|___________________|___________________|
|      South|                1x1|                1x1|
|___________|___________________|___________________|
|       East|                1x1|                1x1|
|___________|___________________|___________________|
|       West|                1x1|                1x1|
|___________|___________________|___________________|

Phase 4.3.1 Print Estimated Congestion | Checksum: 211ff6fa2

Time (s): cpu = 00:00:02 ; elapsed = 00:00:00.65 . Memory (MB): peak = 2717.277 ; gain = 0.000 ; free physical = 497 ; free virtual = 11996
Phase 4.3 Placer Reporting | Checksum: 211ff6fa2

Time (s): cpu = 00:00:02 ; elapsed = 00:00:00.65 . Memory (MB): peak = 2717.277 ; gain = 0.000 ; free physical = 497 ; free virtual = 11996

Phase 4.4 Final Placement Cleanup
Netlist sorting complete. Time (s): cpu = 00:00:00 ; elapsed = 00:00:00 . Memory (MB): peak = 2717.277 ; gain = 0.000 ; free physical = 497 ; free virtual = 11996

Time (s): cpu = 00:00:02 ; elapsed = 00:00:00.65 . Memory (MB): peak = 2717.277 ; gain = 0.000 ; free physical = 497 ; free virtual = 11996
Phase 4 Post Placement Optimization and Clean-Up | Checksum: 211ff6fa2

Time (s): cpu = 00:00:02 ; elapsed = 00:00:00.66 . Memory (MB): peak = 2717.277 ; gain = 0.000 ; free physical = 497 ; free virtual = 11996
Ending Placer Task | Checksum: 11d0c8f8b

Time (s): cpu = 00:00:02 ; elapsed = 00:00:00.66 . Memory (MB): peak = 2717.277 ; gain = 0.000 ; free physical = 497 ; free virtual = 11996
52 Infos, 41 Warnings, 39 Critical Warnings and 0 Errors encountered.
place_design completed successfully
INFO: [runtcl-4] Executing : report_io -file system_wrapper_io_placed.rpt
report_io: Time (s): cpu = 00:00:00.12 ; elapsed = 00:00:00.19 . Memory (MB): peak = 2717.277 ; gain = 0.000 ; free physical = 503 ; free virtual = 12001
INFO: [runtcl-4] Executing : report_utilization -file system_wrapper_utilization_placed.rpt -pb system_wrapper_utilization_placed.pb
INFO: [runtcl-4] Executing : report_control_sets -verbose -file system_wrapper_control_sets_placed.rpt
report_control_sets: Time (s): cpu = 00:00:00 ; elapsed = 00:00:00.06 . Memory (MB): peak = 2717.277 ; gain = 0.000 ; free physical = 500 ; free virtual = 11998
INFO: [Timing 38-480] Writing timing data to binary archive.
Write ShapeDB Complete: Time (s): cpu = 00:00:00.02 ; elapsed = 00:00:00 . Memory (MB): peak = 2717.277 ; gain = 0.000 ; free physical = 500 ; free virtual = 11999
Wrote PlaceDB: Time (s): cpu = 00:00:00.07 ; elapsed = 00:00:00.02 . Memory (MB): peak = 2717.277 ; gain = 0.000 ; free physical = 500 ; free virtual = 11999
Wrote PulsedLatchDB: Time (s): cpu = 00:00:00 ; elapsed = 00:00:00 . Memory (MB): peak = 2717.277 ; gain = 0.000 ; free physical = 500 ; free virtual = 11999
Writing XDEF routing.
Writing XDEF routing logical nets.
Writing XDEF routing special nets.
Wrote RouteStorage: Time (s): cpu = 00:00:00.08 ; elapsed = 00:00:00.02 . Memory (MB): peak = 2717.277 ; gain = 0.000 ; free physical = 500 ; free virtual = 11999
Wrote Netlist Cache: Time (s): cpu = 00:00:00 ; elapsed = 00:00:00 . Memory (MB): peak = 2717.277 ; gain = 0.000 ; free physical = 500 ; free virtual = 11999
Wrote Device Cache: Time (s): cpu = 00:00:00.02 ; elapsed = 00:00:00.01 . Memory (MB): peak = 2717.277 ; gain = 0.000 ; free physical = 500 ; free virtual = 12000
Write Physdb Complete: Time (s): cpu = 00:00:00.18 ; elapsed = 00:00:00.05 . Memory (MB): peak = 2717.277 ; gain = 0.000 ; free physical = 500 ; free virtual = 12000
INFO: [Common 17-1381] The checkpoint '/home/bulkin/red-pitaya-notes/tmp/led_blinker.runs/impl_1/system_wrapper_placed.dcp' has been generated.
Command: phys_opt_design -directive Explore
Attempting to get a license for feature 'Implementation' and/or device 'xc7z010'
INFO: [Common 17-349] Got license for feature 'Implementation' and/or device 'xc7z010'
INFO: [Vivado_Tcl 4-137] Directive used for phys_opt_design is: Explore

Starting Initial Update Timing Task
INFO: [Timing 38-35] Done setting XDC timing constraints.

Time (s): cpu = 00:00:00.06 ; elapsed = 00:00:00.05 . Memory (MB): peak = 2717.277 ; gain = 0.000 ; free physical = 419 ; free virtual = 11993
INFO: [Vivado_Tcl 4-383] Design worst setup slack (WNS) is greater than or equal to 0.000 ns. Skipping all physical synthesis optimizations.
INFO: [Vivado_Tcl 4-232] No setup violation found. The netlist was not modified.
INFO: [Common 17-83] Releasing license: Implementation
63 Infos, 41 Warnings, 39 Critical Warnings and 0 Errors encountered.
phys_opt_design completed successfully
INFO: [Timing 38-480] Writing timing data to binary archive.
Write ShapeDB Complete: Time (s): cpu = 00:00:00.02 ; elapsed = 00:00:00 . Memory (MB): peak = 2717.277 ; gain = 0.000 ; free physical = 419 ; free virtual = 11994
Wrote PlaceDB: Time (s): cpu = 00:00:00.06 ; elapsed = 00:00:00.02 . Memory (MB): peak = 2717.277 ; gain = 0.000 ; free physical = 419 ; free virtual = 11994
Wrote PulsedLatchDB: Time (s): cpu = 00:00:00.01 ; elapsed = 00:00:00 . Memory (MB): peak = 2717.277 ; gain = 0.000 ; free physical = 419 ; free virtual = 11994
Writing XDEF routing.
Writing XDEF routing logical nets.
Writing XDEF routing special nets.
Wrote RouteStorage: Time (s): cpu = 00:00:00.07 ; elapsed = 00:00:00.02 . Memory (MB): peak = 2717.277 ; gain = 0.000 ; free physical = 417 ; free virtual = 11992
Wrote Netlist Cache: Time (s): cpu = 00:00:00 ; elapsed = 00:00:00 . Memory (MB): peak = 2717.277 ; gain = 0.000 ; free physical = 417 ; free virtual = 11992
Wrote Device Cache: Time (s): cpu = 00:00:00.02 ; elapsed = 00:00:00.01 . Memory (MB): peak = 2717.277 ; gain = 0.000 ; free physical = 415 ; free virtual = 11991
Write Physdb Complete: Time (s): cpu = 00:00:00.17 ; elapsed = 00:00:00.06 . Memory (MB): peak = 2717.277 ; gain = 0.000 ; free physical = 415 ; free virtual = 11991
INFO: [Common 17-1381] The checkpoint '/home/bulkin/red-pitaya-notes/tmp/led_blinker.runs/impl_1/system_wrapper_physopt.dcp' has been generated.
Command: route_design -directive NoTimingRelaxation -tns_cleanup
Attempting to get a license for feature 'Implementation' and/or device 'xc7z010'
INFO: [Common 17-349] Got license for feature 'Implementation' and/or device 'xc7z010'
Running DRC as a precondition to command route_design
INFO: [DRC 23-27] Running DRC with 6 threads
INFO: [Vivado_Tcl 4-198] DRC finished with 0 Errors
INFO: [Vivado_Tcl 4-199] Please refer to the DRC report (report_drc) for more information.


Starting Routing Task
INFO: [Route 35-270] Using Router directive 'NoTimingRelaxation'.
INFO: [Route 35-254] Multithreading enabled for route_design using a maximum of 6 CPUs

Phase 1 Build RT Design
Checksum: PlaceDB: 7b48cba4 ConstDB: 0 ShapeSum: a1c3c3e7 RouteDB: 0
Post Restoration Checksum: NetGraph: e54e1068 | NumContArr: 430293dd | Constraints: c2a8fa9d | Timing: c2a8fa9d
Phase 1 Build RT Design | Checksum: 2ada2997f

Time (s): cpu = 00:00:11 ; elapsed = 00:00:10 . Memory (MB): peak = 2745.980 ; gain = 11.992 ; free physical = 432 ; free virtual = 11920

Phase 2 Router Initialization

Phase 2.1 Fix Topology Constraints
Phase 2.1 Fix Topology Constraints | Checksum: 2ada2997f

Time (s): cpu = 00:00:11 ; elapsed = 00:00:10 . Memory (MB): peak = 2745.980 ; gain = 11.992 ; free physical = 432 ; free virtual = 11920

Phase 2.2 Pre Route Cleanup
Phase 2.2 Pre Route Cleanup | Checksum: 2ada2997f

Time (s): cpu = 00:00:11 ; elapsed = 00:00:10 . Memory (MB): peak = 2745.980 ; gain = 11.992 ; free physical = 432 ; free virtual = 11920
 Number of Nodes with overlaps = 0

Phase 2.3 Update Timing
Phase 2.3 Update Timing | Checksum: 235969f93

Time (s): cpu = 00:00:11 ; elapsed = 00:00:10 . Memory (MB): peak = 2754.980 ; gain = 20.992 ; free physical = 417 ; free virtual = 11905
INFO: [Route 35-416] Intermediate Timing Summary | WNS=5.443  | TNS=0.000  | WHS=-0.015 | THS=-0.145 |


Router Utilization Summary
  Global Vertical Routing Utilization    = 0 %
  Global Horizontal Routing Utilization  = 0 %
  Routable Net Status*
  *Does not include unroutable nets such as driverless and loadless.
  Run report_route_status for detailed report.
  Number of Failed Nets               = 164
    (Failed Nets is the sum of unrouted and partially routed nets)
  Number of Unrouted Nets             = 164
  Number of Partially Routed Nets     = 0
  Number of Node Overlaps             = 0

Phase 2 Router Initialization | Checksum: 23663d260

Time (s): cpu = 00:00:12 ; elapsed = 00:00:10 . Memory (MB): peak = 2760.980 ; gain = 26.992 ; free physical = 417 ; free virtual = 11905

Phase 3 Initial Routing

Phase 3.1 Global Routing
Phase 3.1 Global Routing | Checksum: 23663d260

Time (s): cpu = 00:00:12 ; elapsed = 00:00:10 . Memory (MB): peak = 2760.980 ; gain = 26.992 ; free physical = 417 ; free virtual = 11905

Phase 3.2 Initial Net Routing
 Number of Nodes with overlaps = 0
Phase 3.2 Initial Net Routing | Checksum: 208f1baee

Time (s): cpu = 00:00:12 ; elapsed = 00:00:10 . Memory (MB): peak = 2760.980 ; gain = 26.992 ; free physical = 417 ; free virtual = 11905
Phase 3 Initial Routing | Checksum: 208f1baee

Time (s): cpu = 00:00:12 ; elapsed = 00:00:10 . Memory (MB): peak = 2760.980 ; gain = 26.992 ; free physical = 417 ; free virtual = 11905

Phase 4 Rip-up And Reroute

Phase 4.1 Global Iteration 0
INFO: [Route 35-416] Intermediate Timing Summary | WNS=5.306  | TNS=0.000  | WHS=N/A    | THS=N/A    |

Phase 4.1 Global Iteration 0 | Checksum: 220fe85da

Time (s): cpu = 00:00:12 ; elapsed = 00:00:10 . Memory (MB): peak = 2760.980 ; gain = 26.992 ; free physical = 417 ; free virtual = 11905
Phase 4 Rip-up And Reroute | Checksum: 220fe85da

Time (s): cpu = 00:00:12 ; elapsed = 00:00:10 . Memory (MB): peak = 2760.980 ; gain = 26.992 ; free physical = 417 ; free virtual = 11905

Phase 5 Delay and Skew Optimization

Phase 5.1 TNS Cleanup

Phase 5.1.1 Delay CleanUp
Phase 5.1.1 Delay CleanUp | Checksum: 220fe85da

Time (s): cpu = 00:00:12 ; elapsed = 00:00:10 . Memory (MB): peak = 2760.980 ; gain = 26.992 ; free physical = 417 ; free virtual = 11905
Phase 5.1 TNS Cleanup | Checksum: 220fe85da

Time (s): cpu = 00:00:12 ; elapsed = 00:00:10 . Memory (MB): peak = 2760.980 ; gain = 26.992 ; free physical = 417 ; free virtual = 11905

Phase 5.2 Clock Skew Optimization
Phase 5.2 Clock Skew Optimization | Checksum: 220fe85da

Time (s): cpu = 00:00:12 ; elapsed = 00:00:10 . Memory (MB): peak = 2760.980 ; gain = 26.992 ; free physical = 417 ; free virtual = 11905
Phase 5 Delay and Skew Optimization | Checksum: 220fe85da

Time (s): cpu = 00:00:12 ; elapsed = 00:00:10 . Memory (MB): peak = 2760.980 ; gain = 26.992 ; free physical = 417 ; free virtual = 11905

Phase 6 Post Hold Fix

Phase 6.1 Hold Fix Iter

Phase 6.1.1 Update Timing
Phase 6.1.1 Update Timing | Checksum: 2924a5299

Time (s): cpu = 00:00:12 ; elapsed = 00:00:10 . Memory (MB): peak = 2760.980 ; gain = 26.992 ; free physical = 417 ; free virtual = 11905
INFO: [Route 35-416] Intermediate Timing Summary | WNS=5.459  | TNS=0.000  | WHS=0.237  | THS=0.000  |

Phase 6.1 Hold Fix Iter | Checksum: 2924a5299

Time (s): cpu = 00:00:12 ; elapsed = 00:00:10 . Memory (MB): peak = 2760.980 ; gain = 26.992 ; free physical = 417 ; free virtual = 11905
Phase 6 Post Hold Fix | Checksum: 2924a5299

Time (s): cpu = 00:00:12 ; elapsed = 00:00:10 . Memory (MB): peak = 2760.980 ; gain = 26.992 ; free physical = 417 ; free virtual = 11905

Phase 7 Route finalize

Router Utilization Summary
  Global Vertical Routing Utilization    = 0.00112613 %
  Global Horizontal Routing Utilization  = 0.000459559 %
  Routable Net Status*
  *Does not include unroutable nets such as driverless and loadless.
  Run report_route_status for detailed report.
  Number of Failed Nets               = 0
    (Failed Nets is the sum of unrouted and partially routed nets)
  Number of Unrouted Nets             = 0
  Number of Partially Routed Nets     = 0
  Number of Node Overlaps             = 0

Phase 7 Route finalize | Checksum: 2924a5299

Time (s): cpu = 00:00:12 ; elapsed = 00:00:10 . Memory (MB): peak = 2760.980 ; gain = 26.992 ; free physical = 417 ; free virtual = 11905

Phase 8 Verifying routed nets

 Verification completed successfully
Phase 8 Verifying routed nets | Checksum: 2924a5299

Time (s): cpu = 00:00:12 ; elapsed = 00:00:10 . Memory (MB): peak = 2760.980 ; gain = 26.992 ; free physical = 416 ; free virtual = 11905

Phase 9 Depositing Routes
Phase 9 Depositing Routes | Checksum: 2e7f23687

Time (s): cpu = 00:00:12 ; elapsed = 00:00:10 . Memory (MB): peak = 2760.980 ; gain = 26.992 ; free physical = 416 ; free virtual = 11905

Phase 10 Post Router Timing
INFO: [Route 35-20] Post Routing Timing Summary | WNS=5.458  | TNS=0.000  | WHS=0.252  | THS=0.000  |

Phase 10 Post Router Timing | Checksum: 2bf839a15

Time (s): cpu = 00:00:12 ; elapsed = 00:00:10 . Memory (MB): peak = 2766.000 ; gain = 32.012 ; free physical = 416 ; free virtual = 11905
INFO: [Route 35-61] The design met the timing requirement.
INFO: [Route 35-16] Router Completed Successfully

Phase 11 Post-Route Event Processing
Phase 11 Post-Route Event Processing | Checksum: 16275339c

Time (s): cpu = 00:00:12 ; elapsed = 00:00:10 . Memory (MB): peak = 2766.000 ; gain = 32.012 ; free physical = 416 ; free virtual = 11905
Ending Routing Task | Checksum: 16275339c

Time (s): cpu = 00:00:12 ; elapsed = 00:00:10 . Memory (MB): peak = 2766.000 ; gain = 32.012 ; free physical = 416 ; free virtual = 11905

Routing Is Done.
INFO: [Common 17-83] Releasing license: Implementation
78 Infos, 41 Warnings, 39 Critical Warnings and 0 Errors encountered.
route_design completed successfully
route_design: Time (s): cpu = 00:00:13 ; elapsed = 00:00:11 . Memory (MB): peak = 2766.000 ; gain = 48.723 ; free physical = 416 ; free virtual = 11905
INFO: [runtcl-4] Executing : report_drc -file system_wrapper_drc_routed.rpt -pb system_wrapper_drc_routed.pb -rpx system_wrapper_drc_routed.rpx
Command: report_drc -file system_wrapper_drc_routed.rpt -pb system_wrapper_drc_routed.pb -rpx system_wrapper_drc_routed.rpx
INFO: [IP_Flow 19-1839] IP Catalog is up to date.
INFO: [DRC 23-27] Running DRC with 6 threads
INFO: [Vivado_Tcl 2-168] The results of DRC are in file /home/bulkin/red-pitaya-notes/tmp/led_blinker.runs/impl_1/system_wrapper_drc_routed.rpt.
report_drc completed successfully
INFO: [runtcl-4] Executing : report_methodology -file system_wrapper_methodology_drc_routed.rpt -pb system_wrapper_methodology_drc_routed.pb -rpx system_wrapper_methodology_drc_routed.rpx
Command: report_methodology -file system_wrapper_methodology_drc_routed.rpt -pb system_wrapper_methodology_drc_routed.pb -rpx system_wrapper_methodology_drc_routed.rpx
INFO: [Timing 38-35] Done setting XDC timing constraints.
INFO: [DRC 23-133] Running Methodology with 6 threads
INFO: [Vivado_Tcl 2-1520] The results of Report Methodology are in file /home/bulkin/red-pitaya-notes/tmp/led_blinker.runs/impl_1/system_wrapper_methodology_drc_routed.rpt.
report_methodology completed successfully
INFO: [runtcl-4] Executing : report_power -file system_wrapper_power_routed.rpt -pb system_wrapper_power_summary_routed.pb -rpx system_wrapper_power_routed.rpx
Command: report_power -file system_wrapper_power_routed.rpt -pb system_wrapper_power_summary_routed.pb -rpx system_wrapper_power_routed.rpx
INFO: [Timing 38-35] Done setting XDC timing constraints.
Running Vector-less Activity Propagation...

Finished Running Vector-less Activity Propagation
88 Infos, 41 Warnings, 39 Critical Warnings and 0 Errors encountered.
report_power completed successfully
INFO: [runtcl-4] Executing : report_route_status -file system_wrapper_route_status.rpt -pb system_wrapper_route_status.pb
INFO: [runtcl-4] Executing : report_timing_summary -max_paths 10 -report_unconstrained -file system_wrapper_timing_summary_routed.rpt -pb system_wrapper_timing_summary_routed.pb -rpx system_wrapper_timing_summary_routed.rpx
INFO: [Timing 38-91] UpdateTimingParams: Speed grade: -1, Delay Type: min_max.
INFO: [Timing 38-191] Multithreading enabled for timing update using a maximum of 6 CPUs
INFO: [runtcl-4] Executing : report_incremental_reuse -file system_wrapper_incremental_reuse_routed.rpt
INFO: [Vivado_Tcl 4-1062] Incremental flow is disabled. No incremental reuse Info to report.
INFO: [runtcl-4] Executing : report_clock_utilization -file system_wrapper_clock_utilization_routed.rpt
INFO: [runtcl-4] Executing : report_bus_skew -warn_on_violation -file system_wrapper_bus_skew_routed.rpt -pb system_wrapper_bus_skew_routed.pb -rpx system_wrapper_bus_skew_routed.rpx
INFO: [Timing 38-91] UpdateTimingParams: Speed grade: -1, Delay Type: min_max.
INFO: [Timing 38-191] Multithreading enabled for timing update using a maximum of 6 CPUs
INFO: [Timing 38-480] Writing timing data to binary archive.
Write ShapeDB Complete: Time (s): cpu = 00:00:00.01 ; elapsed = 00:00:00 . Memory (MB): peak = 2864.816 ; gain = 0.000 ; free physical = 404 ; free virtual = 11884
Wrote PlaceDB: Time (s): cpu = 00:00:00.06 ; elapsed = 00:00:00.02 . Memory (MB): peak = 2864.816 ; gain = 0.000 ; free physical = 404 ; free virtual = 11884
Wrote PulsedLatchDB: Time (s): cpu = 00:00:00 ; elapsed = 00:00:00 . Memory (MB): peak = 2864.816 ; gain = 0.000 ; free physical = 404 ; free virtual = 11884
Writing XDEF routing.
Writing XDEF routing logical nets.
Writing XDEF routing special nets.
Wrote RouteStorage: Time (s): cpu = 00:00:00.09 ; elapsed = 00:00:00.03 . Memory (MB): peak = 2864.816 ; gain = 0.000 ; free physical = 404 ; free virtual = 11884
Wrote Netlist Cache: Time (s): cpu = 00:00:00 ; elapsed = 00:00:00 . Memory (MB): peak = 2864.816 ; gain = 0.000 ; free physical = 404 ; free virtual = 11884
Wrote Device Cache: Time (s): cpu = 00:00:00.01 ; elapsed = 00:00:00.01 . Memory (MB): peak = 2864.816 ; gain = 0.000 ; free physical = 403 ; free virtual = 11884
Write Physdb Complete: Time (s): cpu = 00:00:00.17 ; elapsed = 00:00:00.06 . Memory (MB): peak = 2864.816 ; gain = 0.000 ; free physical = 403 ; free virtual = 11884
INFO: [Common 17-1381] The checkpoint '/home/bulkin/red-pitaya-notes/tmp/led_blinker.runs/impl_1/system_wrapper_routed.dcp' has been generated.
Command: phys_opt_design -directive Explore
Attempting to get a license for feature 'Implementation' and/or device 'xc7z010'
INFO: [Common 17-349] Got license for feature 'Implementation' and/or device 'xc7z010'
INFO: [Vivado_Tcl 4-241] Physical synthesis in post route mode 
INFO: [Vivado_Tcl 4-137] Directive used for phys_opt_design is: Explore

Starting Initial Update Timing Task

Time (s): cpu = 00:00:00.02 ; elapsed = 00:00:00.02 . Memory (MB): peak = 2864.816 ; gain = 0.000 ; free physical = 403 ; free virtual = 11884
INFO: [Vivado_Tcl 4-383] Design worst setup slack (WNS) is greater than or equal to 0.000 ns. Skipping all physical synthesis optimizations.
INFO: [Vivado_Tcl 4-232] No setup violation found. The netlist was not modified.
INFO: [Common 17-83] Releasing license: Implementation
11 Infos, 0 Warnings, 0 Critical Warnings and 0 Errors encountered.
phys_opt_design completed successfully
INFO: [runtcl-4] Executing : report_timing_summary -max_paths 10 -report_unconstrained -warn_on_violation -file system_wrapper_timing_summary_postroute_physopted.rpt -pb system_wrapper_timing_summary_postroute_physopted.pb -rpx system_wrapper_timing_summary_postroute_physopted.rpx
INFO: [Timing 38-91] UpdateTimingParams: Speed grade: -1, Delay Type: min_max.
INFO: [Timing 38-191] Multithreading enabled for timing update using a maximum of 6 CPUs
INFO: [runtcl-4] Executing : report_bus_skew -warn_on_violation -file system_wrapper_bus_skew_postroute_physopted.rpt -pb system_wrapper_bus_skew_postroute_physopted.pb -rpx system_wrapper_bus_skew_postroute_physopted.rpx
INFO: [Timing 38-91] UpdateTimingParams: Speed grade: -1, Delay Type: min_max.
INFO: [Timing 38-191] Multithreading enabled for timing update using a maximum of 6 CPUs
INFO: [Timing 38-480] Writing timing data to binary archive.
Write ShapeDB Complete: Time (s): cpu = 00:00:00.01 ; elapsed = 00:00:00 . Memory (MB): peak = 2864.816 ; gain = 0.000 ; free physical = 403 ; free virtual = 11885
Wrote PlaceDB: Time (s): cpu = 00:00:00.06 ; elapsed = 00:00:00.01 . Memory (MB): peak = 2864.816 ; gain = 0.000 ; free physical = 403 ; free virtual = 11885
Wrote PulsedLatchDB: Time (s): cpu = 00:00:00 ; elapsed = 00:00:00 . Memory (MB): peak = 2864.816 ; gain = 0.000 ; free physical = 403 ; free virtual = 11885
Writing XDEF routing.
Writing XDEF routing logical nets.
Writing XDEF routing special nets.
Wrote RouteStorage: Time (s): cpu = 00:00:00.08 ; elapsed = 00:00:00.03 . Memory (MB): peak = 2864.816 ; gain = 0.000 ; free physical = 403 ; free virtual = 11885
Wrote Netlist Cache: Time (s): cpu = 00:00:00 ; elapsed = 00:00:00 . Memory (MB): peak = 2864.816 ; gain = 0.000 ; free physical = 403 ; free virtual = 11885
Wrote Device Cache: Time (s): cpu = 00:00:00.02 ; elapsed = 00:00:00.01 . Memory (MB): peak = 2864.816 ; gain = 0.000 ; free physical = 403 ; free virtual = 11886
Write Physdb Complete: Time (s): cpu = 00:00:00.17 ; elapsed = 00:00:00.06 . Memory (MB): peak = 2864.816 ; gain = 0.000 ; free physical = 403 ; free virtual = 11886
INFO: [Common 17-1381] The checkpoint '/home/bulkin/red-pitaya-notes/tmp/led_blinker.runs/impl_1/system_wrapper_postroute_physopt.dcp' has been generated.
INFO: [Common 17-206] Exiting Vivado at Tue May 13 00:34:39 2025...
